{"/Users/itsingh/Desktop/assignment/mfeuser/src/bootstrap.js": {"path":"/Users/itsingh/Desktop/assignment/mfeuser/src/bootstrap.js","statementMap":{"0":{"start":{"line":10,"column":2},"end":{"line":10,"column":85}}},"fnMap":{},"branchMap":{},"s":{"0":0},"f":{},"b":{}}
,"/Users/itsingh/Desktop/assignment/mfeuser/src/index.js": {"path":"/Users/itsingh/Desktop/assignment/mfeuser/src/index.js","statementMap":{"0":{"start":{"line":1,"column":0},"end":{"line":1,"column":21}}},"fnMap":{},"branchMap":{},"s":{"0":0},"f":{},"b":{}}
,"/Users/itsingh/Desktop/assignment/mfeuser/src/components/UserManagement.js": {"path":"/Users/itsingh/Desktop/assignment/mfeuser/src/components/UserManagement.js","statementMap":{"0":{"start":{"line":9,"column":20},"end":{"line":61,"column":1}},"1":{"start":{"line":10,"column":32},"end":{"line":10,"column":84}},"2":{"start":{"line":12,"column":28},"end":{"line":14,"column":3}},"3":{"start":{"line":13,"column":4},"end":{"line":13,"column":68}},"4":{"start":{"line":13,"column":31},"end":{"line":13,"column":65}},"5":{"start":{"line":16,"column":21},"end":{"line":19,"column":3}},"6":{"start":{"line":17,"column":4},"end":{"line":17,"column":20}},"7":{"start":{"line":18,"column":4},"end":{"line":18,"column":59}},"8":{"start":{"line":21,"column":23},"end":{"line":24,"column":3}},"9":{"start":{"line":22,"column":4},"end":{"line":22,"column":15}},"10":{"start":{"line":23,"column":4},"end":{"line":23,"column":59}},"11":{"start":{"line":26,"column":2},"end":{"line":60,"column":4}},"12":{"start":{"line":39,"column":27},"end":{"line":39,"column":73}},"13":{"start":{"line":46,"column":27},"end":{"line":46,"column":72}},"14":{"start":{"line":53,"column":27},"end":{"line":53,"column":69}},"15":{"start":{"line":63,"column":23},"end":{"line":192,"column":1}},"16":{"start":{"line":64,"column":28},"end":{"line":67,"column":4}},"17":{"start":{"line":69,"column":44},"end":{"line":69,"column":58}},"18":{"start":{"line":70,"column":48},"end":{"line":70,"column":63}},"19":{"start":{"line":72,"column":21},"end":{"line":74,"column":3}},"20":{"start":{"line":73,"column":4},"end":{"line":73,"column":29}},"21":{"start":{"line":76,"column":21},"end":{"line":79,"column":3}},"22":{"start":{"line":77,"column":4},"end":{"line":77,"column":27}},"23":{"start":{"line":81,"column":27},"end":{"line":83,"column":3}},"24":{"start":{"line":82,"column":4},"end":{"line":82,"column":27}},"25":{"start":{"line":85,"column":23},"end":{"line":87,"column":3}},"26":{"start":{"line":86,"column":4},"end":{"line":86,"column":55}},"27":{"start":{"line":86,"column":34},"end":{"line":86,"column":52}},"28":{"start":{"line":89,"column":28},"end":{"line":95,"column":3}},"29":{"start":{"line":90,"column":4},"end":{"line":94,"column":6}},"30":{"start":{"line":91,"column":6},"end":{"line":93,"column":7}},"31":{"start":{"line":92,"column":8},"end":{"line":92,"column":63}},"32":{"start":{"line":97,"column":28},"end":{"line":100,"column":3}},"33":{"start":{"line":98,"column":4},"end":{"line":98,"column":80}},"34":{"start":{"line":98,"column":26},"end":{"line":98,"column":78}},"35":{"start":{"line":99,"column":4},"end":{"line":99,"column":30}},"36":{"start":{"line":102,"column":30},"end":{"line":104,"column":3}},"37":{"start":{"line":103,"column":4},"end":{"line":103,"column":30}},"38":{"start":{"line":106,"column":24},"end":{"line":108,"column":3}},"39":{"start":{"line":107,"column":4},"end":{"line":107,"column":29}},"40":{"start":{"line":110,"column":2},"end":{"line":191,"column":4}},"41":{"start":{"line":130,"column":16},"end":{"line":184,"column":21}},"42":{"start":{"line":139,"column":41},"end":{"line":139,"column":96}},"43":{"start":{"line":150,"column":41},"end":{"line":150,"column":95}},"44":{"start":{"line":161,"column":41},"end":{"line":161,"column":92}},"45":{"start":{"line":171,"column":71},"end":{"line":171,"column":90}},"46":{"start":{"line":177,"column":74},"end":{"line":177,"column":93}},"47":{"start":{"line":181,"column":89},"end":{"line":181,"column":110}}},"fnMap":{"0":{"name":"(anonymous_0)","decl":{"start":{"line":9,"column":20},"end":{"line":9,"column":21}},"loc":{"start":{"line":9,"column":46},"end":{"line":61,"column":1}},"line":9},"1":{"name":"(anonymous_1)","decl":{"start":{"line":12,"column":28},"end":{"line":12,"column":29}},"loc":{"start":{"line":12,"column":46},"end":{"line":14,"column":3}},"line":12},"2":{"name":"(anonymous_2)","decl":{"start":{"line":13,"column":15},"end":{"line":13,"column":16}},"loc":{"start":{"line":13,"column":31},"end":{"line":13,"column":65}},"line":13},"3":{"name":"(anonymous_3)","decl":{"start":{"line":16,"column":21},"end":{"line":16,"column":22}},"loc":{"start":{"line":16,"column":27},"end":{"line":19,"column":3}},"line":16},"4":{"name":"(anonymous_4)","decl":{"start":{"line":21,"column":23},"end":{"line":21,"column":24}},"loc":{"start":{"line":21,"column":29},"end":{"line":24,"column":3}},"line":21},"5":{"name":"(anonymous_5)","decl":{"start":{"line":39,"column":20},"end":{"line":39,"column":21}},"loc":{"start":{"line":39,"column":27},"end":{"line":39,"column":73}},"line":39},"6":{"name":"(anonymous_6)","decl":{"start":{"line":46,"column":20},"end":{"line":46,"column":21}},"loc":{"start":{"line":46,"column":27},"end":{"line":46,"column":72}},"line":46},"7":{"name":"(anonymous_7)","decl":{"start":{"line":53,"column":20},"end":{"line":53,"column":21}},"loc":{"start":{"line":53,"column":27},"end":{"line":53,"column":69}},"line":53},"8":{"name":"(anonymous_8)","decl":{"start":{"line":63,"column":23},"end":{"line":63,"column":24}},"loc":{"start":{"line":63,"column":29},"end":{"line":192,"column":1}},"line":63},"9":{"name":"(anonymous_9)","decl":{"start":{"line":72,"column":21},"end":{"line":72,"column":22}},"loc":{"start":{"line":72,"column":33},"end":{"line":74,"column":3}},"line":72},"10":{"name":"(anonymous_10)","decl":{"start":{"line":76,"column":21},"end":{"line":76,"column":22}},"loc":{"start":{"line":76,"column":33},"end":{"line":79,"column":3}},"line":76},"11":{"name":"(anonymous_11)","decl":{"start":{"line":81,"column":27},"end":{"line":81,"column":28}},"loc":{"start":{"line":81,"column":33},"end":{"line":83,"column":3}},"line":81},"12":{"name":"(anonymous_12)","decl":{"start":{"line":85,"column":23},"end":{"line":85,"column":24}},"loc":{"start":{"line":85,"column":35},"end":{"line":87,"column":3}},"line":85},"13":{"name":"(anonymous_13)","decl":{"start":{"line":86,"column":26},"end":{"line":86,"column":27}},"loc":{"start":{"line":86,"column":34},"end":{"line":86,"column":52}},"line":86},"14":{"name":"(anonymous_14)","decl":{"start":{"line":89,"column":28},"end":{"line":89,"column":29}},"loc":{"start":{"line":89,"column":54},"end":{"line":95,"column":3}},"line":89},"15":{"name":"(anonymous_15)","decl":{"start":{"line":90,"column":13},"end":{"line":90,"column":14}},"loc":{"start":{"line":91,"column":6},"end":{"line":93,"column":7}},"line":91},"16":{"name":"(anonymous_16)","decl":{"start":{"line":91,"column":20},"end":{"line":91,"column":21}},"loc":{"start":{"line":92,"column":8},"end":{"line":92,"column":63}},"line":92},"17":{"name":"(anonymous_17)","decl":{"start":{"line":97,"column":28},"end":{"line":97,"column":29}},"loc":{"start":{"line":97,"column":41},"end":{"line":100,"column":3}},"line":97},"18":{"name":"(anonymous_18)","decl":{"start":{"line":98,"column":13},"end":{"line":98,"column":14}},"loc":{"start":{"line":98,"column":26},"end":{"line":98,"column":78}},"line":98},"19":{"name":"(anonymous_19)","decl":{"start":{"line":102,"column":30},"end":{"line":102,"column":31}},"loc":{"start":{"line":102,"column":36},"end":{"line":104,"column":3}},"line":102},"20":{"name":"(anonymous_20)","decl":{"start":{"line":106,"column":24},"end":{"line":106,"column":25}},"loc":{"start":{"line":106,"column":30},"end":{"line":108,"column":3}},"line":106},"21":{"name":"(anonymous_21)","decl":{"start":{"line":129,"column":25},"end":{"line":129,"column":26}},"loc":{"start":{"line":130,"column":16},"end":{"line":184,"column":21}},"line":130},"22":{"name":"(anonymous_22)","decl":{"start":{"line":139,"column":34},"end":{"line":139,"column":35}},"loc":{"start":{"line":139,"column":41},"end":{"line":139,"column":96}},"line":139},"23":{"name":"(anonymous_23)","decl":{"start":{"line":150,"column":34},"end":{"line":150,"column":35}},"loc":{"start":{"line":150,"column":41},"end":{"line":150,"column":95}},"line":150},"24":{"name":"(anonymous_24)","decl":{"start":{"line":161,"column":34},"end":{"line":161,"column":35}},"loc":{"start":{"line":161,"column":41},"end":{"line":161,"column":92}},"line":161},"25":{"name":"(anonymous_25)","decl":{"start":{"line":171,"column":65},"end":{"line":171,"column":66}},"loc":{"start":{"line":171,"column":71},"end":{"line":171,"column":90}},"line":171},"26":{"name":"(anonymous_26)","decl":{"start":{"line":177,"column":68},"end":{"line":177,"column":69}},"loc":{"start":{"line":177,"column":74},"end":{"line":177,"column":93}},"line":177},"27":{"name":"(anonymous_27)","decl":{"start":{"line":181,"column":83},"end":{"line":181,"column":84}},"loc":{"start":{"line":181,"column":89},"end":{"line":181,"column":110}},"line":181}},"branchMap":{"0":{"loc":{"start":{"line":92,"column":8},"end":{"line":92,"column":63}},"type":"cond-expr","locations":[{"start":{"line":92,"column":29},"end":{"line":92,"column":56}},{"start":{"line":92,"column":59},"end":{"line":92,"column":63}}],"line":92},"1":{"loc":{"start":{"line":114,"column":7},"end":{"line":189,"column":7}},"type":"cond-expr","locations":[{"start":{"line":115,"column":8},"end":{"line":115,"column":81}},{"start":{"line":117,"column":8},"end":{"line":188,"column":14}}],"line":114},"2":{"loc":{"start":{"line":133,"column":21},"end":{"line":143,"column":21}},"type":"cond-expr","locations":[{"start":{"line":135,"column":22},"end":{"line":140,"column":24}},{"start":{"line":142,"column":22},"end":{"line":142,"column":36}}],"line":133},"3":{"loc":{"start":{"line":146,"column":21},"end":{"line":154,"column":21}},"type":"cond-expr","locations":[{"start":{"line":147,"column":22},"end":{"line":151,"column":24}},{"start":{"line":153,"column":22},"end":{"line":153,"column":35}}],"line":146},"4":{"loc":{"start":{"line":157,"column":21},"end":{"line":165,"column":21}},"type":"cond-expr","locations":[{"start":{"line":158,"column":22},"end":{"line":162,"column":24}},{"start":{"line":164,"column":22},"end":{"line":164,"column":32}}],"line":157},"5":{"loc":{"start":{"line":168,"column":21},"end":{"line":179,"column":21}},"type":"cond-expr","locations":[{"start":{"line":169,"column":22},"end":{"line":174,"column":25}},{"start":{"line":176,"column":22},"end":{"line":178,"column":28}}],"line":168}},"s":{"0":1,"1":0,"2":0,"3":0,"4":0,"5":0,"6":0,"7":0,"8":0,"9":0,"10":0,"11":0,"12":0,"13":0,"14":0,"15":1,"16":3,"17":3,"18":3,"19":3,"20":0,"21":3,"22":0,"23":3,"24":0,"25":3,"26":0,"27":0,"28":3,"29":0,"30":0,"31":0,"32":3,"33":0,"34":0,"35":0,"36":3,"37":0,"38":3,"39":0,"40":3,"41":6,"42":0,"43":0,"44":0,"45":0,"46":0,"47":0},"f":{"0":0,"1":0,"2":0,"3":0,"4":0,"5":0,"6":0,"7":0,"8":3,"9":0,"10":0,"11":0,"12":0,"13":0,"14":0,"15":0,"16":0,"17":0,"18":0,"19":0,"20":0,"21":6,"22":0,"23":0,"24":0,"25":0,"26":0,"27":0},"b":{"0":[0,0],"1":[0,3],"2":[0,6],"3":[0,6],"4":[0,6],"5":[0,6]},"_coverageSchema":"1a1c01bbd47fc00a2c39e90264f33305004495a9","hash":"d256065dde8061439baa82ecb571e47c0f409ea2"}
}
