TN:
SF:src/bootstrap.js
FNF:0
FNH:0
DA:10,0
LF:1
LH:0
BRF:0
BRH:0
end_of_record
TN:
SF:src/index.js
FNF:0
FNH:0
DA:1,0
LF:1
LH:0
BRF:0
BRH:0
end_of_record
TN:
SF:src/components/UserManagement.js
FN:9,(anonymous_0)
FN:12,(anonymous_1)
FN:13,(anonymous_2)
FN:16,(anonymous_3)
FN:21,(anonymous_4)
FN:39,(anonymous_5)
FN:46,(anonymous_6)
FN:53,(anonymous_7)
FN:63,(anonymous_8)
FN:72,(anonymous_9)
FN:76,(anonymous_10)
FN:81,(anonymous_11)
FN:85,(anonymous_12)
FN:86,(anonymous_13)
FN:89,(anonymous_14)
FN:90,(anonymous_15)
FN:91,(anonymous_16)
FN:97,(anonymous_17)
FN:98,(anonymous_18)
FN:102,(anonymous_19)
FN:106,(anonymous_20)
FN:129,(anonymous_21)
FN:139,(anonymous_22)
FN:150,(anonymous_23)
FN:161,(anonymous_24)
FN:171,(anonymous_25)
FN:177,(anonymous_26)
FN:181,(anonymous_27)
FNF:28
FNH:2
FNDA:0,(anonymous_0)
FNDA:0,(anonymous_1)
FNDA:0,(anonymous_2)
FNDA:0,(anonymous_3)
FNDA:0,(anonymous_4)
FNDA:0,(anonymous_5)
FNDA:0,(anonymous_6)
FNDA:0,(anonymous_7)
FNDA:3,(anonymous_8)
FNDA:0,(anonymous_9)
FNDA:0,(anonymous_10)
FNDA:0,(anonymous_11)
FNDA:0,(anonymous_12)
FNDA:0,(anonymous_13)
FNDA:0,(anonymous_14)
FNDA:0,(anonymous_15)
FNDA:0,(anonymous_16)
FNDA:0,(anonymous_17)
FNDA:0,(anonymous_18)
FNDA:0,(anonymous_19)
FNDA:0,(anonymous_20)
FNDA:6,(anonymous_21)
FNDA:0,(anonymous_22)
FNDA:0,(anonymous_23)
FNDA:0,(anonymous_24)
FNDA:0,(anonymous_25)
FNDA:0,(anonymous_26)
FNDA:0,(anonymous_27)
DA:9,1
DA:10,0
DA:12,0
DA:13,0
DA:16,0
DA:17,0
DA:18,0
DA:21,0
DA:22,0
DA:23,0
DA:26,0
DA:39,0
DA:46,0
DA:53,0
DA:63,1
DA:64,3
DA:69,3
DA:70,3
DA:72,3
DA:73,0
DA:76,3
DA:77,0
DA:81,3
DA:82,0
DA:85,3
DA:86,0
DA:89,3
DA:90,0
DA:91,0
DA:92,0
DA:97,3
DA:98,0
DA:99,0
DA:102,3
DA:103,0
DA:106,3
DA:107,0
DA:110,3
DA:130,6
DA:139,0
DA:150,0
DA:161,0
DA:171,0
DA:177,0
DA:181,0
LF:45
LH:15
BRDA:92,0,0,0
BRDA:92,0,1,0
BRDA:114,1,0,0
BRDA:114,1,1,3
BRDA:133,2,0,0
BRDA:133,2,1,6
BRDA:146,3,0,0
BRDA:146,3,1,6
BRDA:157,4,0,0
BRDA:157,4,1,6
BRDA:168,5,0,0
BRDA:168,5,1,6
BRF:12
BRH:5
end_of_record
